#
# A fatal error has been detected by the Java Runtime Environment:
#
#  SIGSEGV (0xb) at pc=0x0000000102a7d920, pid=960, tid=11523
#
# JRE version: Java(TM) SE Runtime Environment (8.0_40-b27) (build 1.8.0_40-b27)
# Java VM: Java HotSpot(TM) 64-Bit Server VM (25.40-b25 mixed mode bsd-amd64 compressed oops)
# Problematic frame:
# V  [libjvm.dylib+0x27d920]  GenerateOopMap::bb_mark_fct(GenerateOopMap*, int, int*)+0x1e
#
# Failed to write core dump. Core dumps have been disabled. To enable core dumping, try "ulimit -c unlimited" before starting Java again
#
# If you would like to submit a bug report, please visit:
#   http://bugreport.java.com/bugreport/crash.jsp
#

---------------  T H R E A D  ---------------

Current thread (0x00007f860880b000):  VMThread [stack: 0x000070000559c000,0x000070000569c000] [id=11523]

siginfo: si_signo: 11 (SIGSEGV), si_code: 0 (unknown), si_addr: 0x0000000000000000

Registers:
RAX=0x00007f8607f0f0a0, RBX=0x000070000569b6c8, RCX=0xffffffffffffcb67, RDX=0x0000000000000000
RSP=0x000070000569b4d0, RBP=0x000070000569b4e0, RSI=0x00000000ffffcb67, RDI=0x000070000569b6c8
R8 =0x1ffffffffffff968, R9 =0x0000000000000400, R10=0x0000000000002000, R11=0x0000000000000246
R12=0x0000000102a7d902, R13=0x000000000000013c, R14=0x000000000000013c, R15=0x0000000000000000
RIP=0x0000000102a7d920, EFLAGS=0x0000000000010a02, ERR=0x0000000000000000
  TRAPNO=0x000000000000000d

Top of Stack: (sp=0x000070000569b4d0)
0x000070000569b4d0:   000070000569b6c8 000070000569b6c8
0x000070000569b4e0:   000070000569b540 0000000102a7de56
0x000070000569b4f0:   00000001064888b8 0000000000000000
0x000070000569b500:   0000000102a7d902 000070000569b550
0x000070000569b510:   000070000569b540 000070000569b6c8
0x000070000569b520:   00000000000000a1 000000000000013c
0x000070000569b530:   0000000106488801 000070000569b550
0x000070000569b540:   000070000569b5d0 0000000102a7e9f3
0x000070000569b550:   000070000569b6e0 00000001064888b8
0x000070000569b560:   00007f860880b000 0000013f0000013c
0x000070000569b570:   000000a100000758 000000a106480000
0x000070000569b580:   0000000000000000 0000075800000000
0x000070000569b590:   00000001064888b8 00007f860880b000
0x000070000569b5a0:   00000001064888b8 00007f860880b000
0x000070000569b5b0:   00000001064888b8 00007f860880b000
0x000070000569b5c0:   000070000569b6c8 00000001064888b8
0x000070000569b5d0:   000070000569b660 0000000102a7ec4b
0x000070000569b5e0:   0000003000000000 0000000000000000
0x000070000569b5f0:   000070000569ba90 000070000569b600
0x000070000569b600:   0000000000000000 0000000102e00100
0x000070000569b610:   0000000000000000 0000000102e03d73
0x000070000569b620:   0000000000000000 5800000000000001
0x000070000569b630:   00000001064888b8 00007f860880b000
0x000070000569b640:   00000001064888b8 000070000569b6c8
0x000070000569b650:   00007f860880b000 00007f8608034000
0x000070000569b660:   000070000569b6b0 0000000102c65f99
0x000070000569b670:   00007f8607c10080 00007f8607f0eff0
0x000070000569b680:   00007f8607f0f000 00007f8607f0f3d8
0x000070000569b690:   00000000000003d8 0000000000000000
0x000070000569b6a0:   000070000569b8a0 00007f8608034000
0x000070000569b6b0:   000070000569b840 0000000102c661a2
0x000070000569b6c0:   000000000569b6e0 00000001030aac10 

Instructions: (pc=0x0000000102a7d920)
0x0000000102a7d900:   c3 90 55 48 89 e5 53 48 83 ec 08 48 8b 87 90 00
0x0000000102a7d910:   00 00 48 63 ce 49 89 c8 49 83 e0 c0 49 c1 e8 03
0x0000000102a7d920:   4a 8b 04 00 48 0f a3 f0 72 17 48 89 fb 48 8d 7b
0x0000000102a7d930:   70 ba 01 00 00 00 48 89 ce e8 40 4a e5 ff ff 43 

Register to memory mapping:

RAX=0x00007f8607f0f0a0 is an unknown value
RBX=0x000070000569b6c8 is an unknown value
RCX=0xffffffffffffcb67 is an unknown value
RDX=0x0000000000000000 is an unknown value
RSP=0x000070000569b4d0 is an unknown value
RBP=0x000070000569b4e0 is an unknown value
RSI=0x00000000ffffcb67 is an unknown value
RDI=0x000070000569b6c8 is an unknown value
R8 =0x1ffffffffffff968 is an unknown value
R9 =0x0000000000000400 is an unknown value
R10=0x0000000000002000 is an unknown value
R11=0x0000000000000246 is an unknown value
R12=0x0000000102a7d902: _ZN14GenerateOopMap11bb_mark_fctEPS_iPi+0 in /Library/Java/JavaVirtualMachines/jdk1.8.0_40.jdk/Contents/Home/jre/lib/server/libjvm.dylib at 0x0000000102800000
R13=0x000000000000013c is an unknown value
R14=0x000000000000013c is an unknown value
R15=0x0000000000000000 is an unknown value


Stack: [0x000070000559c000,0x000070000569c000],  sp=0x000070000569b4d0,  free space=1021k
Native frames: (J=compiled Java code, j=interpreted, Vv=VM code, C=native code)
V  [libjvm.dylib+0x27d920]  GenerateOopMap::bb_mark_fct(GenerateOopMap*, int, int*)+0x1e
V  [libjvm.dylib+0x27de56]  GenerateOopMap::jump_targets_do(BytecodeStream*, void (*)(GenerateOopMap*, int, int*), int*)+0x1de
V  [libjvm.dylib+0x27e9f3]  GenerateOopMap::mark_bbheaders_and_count_gc_points()+0x131
V  [libjvm.dylib+0x27ec4b]  GenerateOopMap::compute_map(Thread*)+0x1eb
V  [libjvm.dylib+0x465f99]  OopMapForCacheEntry::compute_map(Thread*)+0x8f
V  [libjvm.dylib+0x4661a2]  OopMapCacheEntry::fill(methodHandle, int)+0x19e
V  [libjvm.dylib+0x46661e]  OopMapCache::lookup(methodHandle, int, InterpreterOopMap*) const+0x2f8
V  [libjvm.dylib+0x2b4654]  InstanceKlass::mask_for(methodHandle, int, InterpreterOopMap*)+0xd2
V  [libjvm.dylib+0x434fed]  Method::mask_for(int, InterpreterOopMap*)+0xb3
V  [libjvm.dylib+0x5870f3]  interpretedVFrame::stack_data(bool) const+0x4b
V  [libjvm.dylib+0x38299b]  VM_GetOrSetLocal::doit()+0x243
V  [libjvm.dylib+0x595f7d]  VM_Operation::evaluate()+0x4f
V  [libjvm.dylib+0x5945e9]  VMThread::evaluate_operation(VM_Operation*)+0xdf
V  [libjvm.dylib+0x594a36]  VMThread::loop()+0x328
V  [libjvm.dylib+0x594355]  VMThread::run()+0x79
V  [libjvm.dylib+0x46ea8e]  java_start(Thread*)+0xf6
C  [libsystem_pthread.dylib+0x3abb]  _pthread_body+0xb4
C  [libsystem_pthread.dylib+0x3a07]  _pthread_body+0x0
C  [libsystem_pthread.dylib+0x3231]  thread_start+0xd

VM_Operation (0x0000700005b2a958): GetOrSetLocal, mode: safepoint, requested by thread 0x00007f8608825000


---------------  P R O C E S S  ---------------

Java Threads: ( => current thread )
  0x00007f860804c000 JavaThread "Service Thread" daemon [_thread_blocked, id=20739, stack(0x000070000603d000,0x000070000613d000)]
  0x00007f860882a000 JavaThread "C1 CompilerThread2" daemon [_thread_blocked, id=20227, stack(0x0000700005f3a000,0x000070000603a000)]
  0x00007f8609807800 JavaThread "C2 CompilerThread1" daemon [_thread_blocked, id=19715, stack(0x0000700005e37000,0x0000700005f37000)]
  0x00007f860882b000 JavaThread "C2 CompilerThread0" daemon [_thread_blocked, id=19203, stack(0x0000700005d34000,0x0000700005e34000)]
  0x00007f8609012000 JavaThread "JDWP Command Reader" daemon [_thread_in_native, id=18691, stack(0x0000700005c31000,0x0000700005d31000)]
  0x00007f8608838000 JavaThread "JDWP Event Helper Thread" daemon [_thread_blocked, id=18179, stack(0x0000700005b2e000,0x0000700005c2e000)]
  0x00007f8608825000 JavaThread "JDWP Transport Listener: dt_socket" daemon [_thread_blocked, id=17667, stack(0x0000700005a2b000,0x0000700005b2b000)]
  0x00007f8608045800 JavaThread "Signal Dispatcher" daemon [_thread_blocked, id=17155, stack(0x0000700005928000,0x0000700005a28000)]
  0x00007f8609805800 JavaThread "Finalizer" daemon [_thread_blocked, id=12547, stack(0x00007000057a2000,0x00007000058a2000)]
  0x00007f8609804800 JavaThread "Reference Handler" daemon [_thread_blocked, id=12035, stack(0x000070000569f000,0x000070000579f000)]
  0x00007f8608003800 JavaThread "main" [_thread_blocked, id=7171, stack(0x000070000508d000,0x000070000518d000)]

Other Threads:
=>0x00007f860880b000 VMThread [stack: 0x000070000559c000,0x000070000569c000] [id=11523]
  0x00007f8608044800 WatcherThread [stack: 0x0000700006140000,0x0000700006240000] [id=21251]

VM state:at safepoint (normal execution)

VM Mutex/Monitor currently owned by a thread:  ([mutex/lock_event])
[0x00007f8607f04730] Threads_lock - owner thread: 0x00007f860880b000

Heap:
 PSYoungGen      total 18944K, used 1982K [0x00000007aab00000, 0x00000007ac000000, 0x00000007c0000000)
  eden space 16384K, 12% used [0x00000007aab00000,0x00000007aacef968,0x00000007abb00000)
  from space 2560K, 0% used [0x00000007abd80000,0x00000007abd80000,0x00000007ac000000)
  to   space 2560K, 0% used [0x00000007abb00000,0x00000007abb00000,0x00000007abd80000)
 ParOldGen       total 44032K, used 0K [0x0000000780000000, 0x0000000782b00000, 0x00000007aab00000)
  object space 44032K, 0% used [0x0000000780000000,0x0000000780000000,0x0000000782b00000)
 Metaspace       used 2818K, capacity 4564K, committed 4864K, reserved 1056768K
  class space    used 301K, capacity 388K, committed 512K, reserved 1048576K

Card table byte_map: [0x0000000103b29000,0x0000000103d2a000] byte_map_base: 0x00000000fff29000

Marking Bits: (ParMarkBitMap*) 0x00000001030c27a0
 Begin Bits: [0x0000000103e80000, 0x0000000104e80000)
 End Bits:   [0x0000000104e80000, 0x0000000105e80000)

Polling page: 0x0000000101f24000

CodeCache: size=245760Kb used=1143Kb max_used=1143Kb free=244616Kb
 bounds [0x000000010774d000, 0x00000001079bd000, 0x000000011674d000]
 total_blobs=271 nmethods=39 adapters=154
 compilation: enabled

Compilation events (10 events):
Event: 0.376 Thread 0x00007f860882a000   35       3       java.nio.ByteBuffer::arrayOffset (35 bytes)
Event: 0.377 Thread 0x00007f860882a000 nmethod 35 0x0000000107869250 code [0x00000001078693e0, 0x00000001078696d8]
Event: 0.377 Thread 0x00007f860882a000   36       3       java.lang.AbstractStringBuilder::append (50 bytes)
Event: 0.377 Thread 0x00007f860882a000 nmethod 36 0x0000000107869810 code [0x00000001078699c0, 0x0000000107869ee8]
Event: 0.377 Thread 0x00007f860882a000   37       3       java.nio.Buffer::position (43 bytes)
Event: 0.378 Thread 0x00007f860882a000 nmethod 37 0x000000010786a0d0 code [0x000000010786a260, 0x000000010786a528]
Event: 0.378 Thread 0x00007f860882a000   38       3       java.lang.StringBuilder::append (8 bytes)
Event: 0.378 Thread 0x00007f860882a000 nmethod 38 0x000000010786a610 code [0x000000010786a780, 0x000000010786a928]
Event: 0.378 Thread 0x00007f860882a000   39       3       java.nio.CharBuffer::arrayOffset (35 bytes)
Event: 0.378 Thread 0x00007f860882a000 nmethod 39 0x000000010786a9d0 code [0x000000010786ab60, 0x000000010786ae58]

GC Heap History (0 events):
No events

Deoptimization events (0 events):
No events

Internal exceptions (2 events):
Event: 0.074 Thread 0x00007f8608003800 Exception <a 'java/lang/NoSuchMethodError': Method sun.misc.Unsafe.defineClass(Ljava/lang/String;[BII)Ljava/lang/Class; name or signature does not match> (0x00000007aab12af8) thrown at [/Users/java_re/workspace/8-2-build-macosx-x86_64/jdk8u40/3153/hotspot
Event: 0.074 Thread 0x00007f8608003800 Exception <a 'java/lang/NoSuchMethodError': Method sun.misc.Unsafe.prefetchRead(Ljava/lang/Object;J)V name or signature does not match> (0x00000007aab12d88) thrown at [/Users/java_re/workspace/8-2-build-macosx-x86_64/jdk8u40/3153/hotspot/src/share/vm/prim

Events (10 events):
Event: 343.418 Executing VM operation: ChangeBreakpoints done
Event: 343.421 Executing VM operation: EnterInterpOnlyMode
Event: 343.421 Executing VM operation: EnterInterpOnlyMode done
Event: 343.421 Executing VM operation: GetCurrentLocation
Event: 343.421 Executing VM operation: GetCurrentLocation done
Event: 343.421 Executing VM operation: ChangeSingleStep
Event: 343.421 Executing VM operation: ChangeSingleStep done
Event: 343.423 Executing VM operation: ChangeSingleStep
Event: 343.423 Executing VM operation: ChangeSingleStep done
Event: 347.135 Executing VM operation: GetOrSetLocal


Dynamic libraries:
0x000000000f164000 	/System/Library/Frameworks/Cocoa.framework/Versions/A/Cocoa
0x000000000f164000 	/System/Library/Frameworks/Security.framework/Versions/A/Security
0x000000000f164000 	/System/Library/Frameworks/ApplicationServices.framework/Versions/A/ApplicationServices
0x000000000f164000 	/usr/lib/libz.1.dylib
0x000000000f164000 	/usr/lib/libSystem.B.dylib
0x000000000f164000 	/usr/lib/libobjc.A.dylib
0x000000000f164000 	/System/Library/Frameworks/CoreFoundation.framework/Versions/A/CoreFoundation
0x000000000f164000 	/System/Library/Frameworks/Foundation.framework/Versions/C/Foundation
0x000000000f164000 	/System/Library/Frameworks/AppKit.framework/Versions/C/AppKit
0x000000000f164000 	/System/Library/Frameworks/CoreData.framework/Versions/A/CoreData
0x000000000f164000 	/System/Library/PrivateFrameworks/RemoteViewServices.framework/Versions/A/RemoteViewServices
0x000000000f164000 	/System/Library/PrivateFrameworks/UIFoundation.framework/Versions/A/UIFoundation
0x000000000f164000 	/usr/lib/libenergytrace.dylib
0x000000000f164000 	/System/Library/PrivateFrameworks/SkyLight.framework/Versions/A/SkyLight
0x000000000f164000 	/System/Library/Frameworks/CoreGraphics.framework/Versions/A/CoreGraphics
0x000000000f164000 	/usr/lib/libScreenReader.dylib
0x000000000f164000 	/System/Library/Frameworks/Accelerate.framework/Versions/A/Accelerate
0x000000000f164000 	/System/Library/Frameworks/IOSurface.framework/Versions/A/IOSurface
0x000000000f164000 	/System/Library/Frameworks/AudioToolbox.framework/Versions/A/AudioToolbox
0x000000000f164000 	/System/Library/Frameworks/AudioUnit.framework/Versions/A/AudioUnit
0x000000000f164000 	/System/Library/PrivateFrameworks/DataDetectorsCore.framework/Versions/A/DataDetectorsCore
0x000000000f164000 	/System/Library/PrivateFrameworks/DesktopServicesPriv.framework/Versions/A/DesktopServicesPriv
0x000000000f164000 	/System/Library/Frameworks/Carbon.framework/Versions/A/Frameworks/HIToolbox.framework/Versions/A/HIToolbox
0x000000000f164000 	/usr/lib/libicucore.A.dylib
0x000000000f164000 	/System/Library/Frameworks/QuartzCore.framework/Versions/A/QuartzCore
0x000000000f164000 	/System/Library/Frameworks/Carbon.framework/Versions/A/Frameworks/SpeechRecognition.framework/Versions/A/SpeechRecognition
0x000000000f164000 	/usr/lib/libauto.dylib
0x000000000f164000 	/usr/lib/libxml2.2.dylib
0x000000000f164000 	/System/Library/PrivateFrameworks/CoreUI.framework/Versions/A/CoreUI
0x000000000f164000 	/System/Library/Frameworks/CoreAudio.framework/Versions/A/CoreAudio
0x000000000f164000 	/System/Library/Frameworks/DiskArbitration.framework/Versions/A/DiskArbitration
0x000000000f164000 	/usr/lib/liblangid.dylib
0x000000000f164000 	/System/Library/PrivateFrameworks/MultitouchSupport.framework/Versions/A/MultitouchSupport
0x000000000f164000 	/System/Library/Frameworks/IOKit.framework/Versions/A/IOKit
0x000000000f164000 	/usr/lib/libDiagnosticMessagesClient.dylib
0x000000000f164000 	/System/Library/Frameworks/CoreServices.framework/Versions/A/CoreServices
0x000000000f164000 	/System/Library/PrivateFrameworks/PerformanceAnalysis.framework/Versions/A/PerformanceAnalysis
0x000000000f164000 	/System/Library/PrivateFrameworks/GenerationalStorage.framework/Versions/A/GenerationalStorage
0x000000000f164000 	/System/Library/Frameworks/OpenGL.framework/Versions/A/OpenGL
0x000000000f164000 	/System/Library/Frameworks/CoreImage.framework/Versions/A/CoreImage
0x000000000f164000 	/System/Library/Frameworks/CoreText.framework/Versions/A/CoreText
0x000000000f164000 	/System/Library/Frameworks/ImageIO.framework/Versions/A/ImageIO
0x000000000f164000 	/System/Library/PrivateFrameworks/Backup.framework/Versions/A/Backup
0x000000000f164000 	/usr/lib/libarchive.2.dylib
0x000000000f164000 	/System/Library/Frameworks/CFNetwork.framework/Versions/A/CFNetwork
0x000000000f164000 	/System/Library/Frameworks/SystemConfiguration.framework/Versions/A/SystemConfiguration
0x000000000f164000 	/usr/lib/libCRFSuite.dylib
0x000000000f164000 	/usr/lib/libc++.1.dylib
0x000000000f164000 	/usr/lib/libc++abi.dylib
0x000000000f164000 	/usr/lib/system/libcache.dylib
0x000000000f164000 	/usr/lib/system/libcommonCrypto.dylib
0x000000000f164000 	/usr/lib/system/libcompiler_rt.dylib
0x000000000f164000 	/usr/lib/system/libcopyfile.dylib
0x000000000f164000 	/usr/lib/system/libcorecrypto.dylib
0x000000000f164000 	/usr/lib/system/libdispatch.dylib
0x000000000f164000 	/usr/lib/system/libdyld.dylib
0x000000000f164000 	/usr/lib/system/libkeymgr.dylib
0x000000000f164000 	/usr/lib/system/liblaunch.dylib
0x000000000f164000 	/usr/lib/system/libmacho.dylib
0x000000000f164000 	/usr/lib/system/libquarantine.dylib
0x000000000f164000 	/usr/lib/system/libremovefile.dylib
0x000000000f164000 	/usr/lib/system/libsystem_asl.dylib
0x000000000f164000 	/usr/lib/system/libsystem_blocks.dylib
0x000000000f164000 	/usr/lib/system/libsystem_c.dylib
0x000000000f164000 	/usr/lib/system/libsystem_configuration.dylib
0x000000000f164000 	/usr/lib/system/libsystem_coreservices.dylib
0x000000000f164000 	/usr/lib/system/libsystem_coretls.dylib
0x000000000f164000 	/usr/lib/system/libsystem_dnssd.dylib
0x000000000f164000 	/usr/lib/system/libsystem_info.dylib
0x000000000f164000 	/usr/lib/system/libsystem_kernel.dylib
0x000000000f164000 	/usr/lib/system/libsystem_m.dylib
0x000000000f164000 	/usr/lib/system/libsystem_malloc.dylib
0x000000000f164000 	/usr/lib/system/libsystem_network.dylib
0x000000000f164000 	/usr/lib/system/libsystem_networkextension.dylib
0x000000000f164000 	/usr/lib/system/libsystem_notify.dylib
0x000000000f164000 	/usr/lib/system/libsystem_platform.dylib
0x000000000f164000 	/usr/lib/system/libsystem_pthread.dylib
0x000000000f164000 	/usr/lib/system/libsystem_sandbox.dylib
0x000000000f164000 	/usr/lib/system/libsystem_secinit.dylib
0x000000000f164000 	/usr/lib/system/libsystem_symptoms.dylib
0x000000000f164000 	/usr/lib/system/libsystem_trace.dylib
0x000000000f164000 	/usr/lib/system/libunwind.dylib
0x000000000f164000 	/usr/lib/system/libxpc.dylib
0x000000000f164000 	/usr/lib/libbsm.0.dylib
0x000000000f164000 	/usr/lib/system/libkxld.dylib
0x000000000f164000 	/usr/lib/libcoretls.dylib
0x000000000f164000 	/usr/lib/libcoretls_cfhelpers.dylib
0x000000000f164000 	/usr/lib/libxar.1.dylib
0x000000000f164000 	/usr/lib/libsqlite3.dylib
0x000000000f164000 	/usr/lib/libpam.2.dylib
0x000000000f164000 	/usr/lib/libOpenScriptingUtil.dylib
0x000000000f164000 	/usr/lib/libbz2.1.0.dylib
0x000000000f164000 	/usr/lib/liblzma.5.dylib
0x000000000f164000 	/usr/lib/libnetwork.dylib
0x000000000f164000 	/usr/lib/libpcap.A.dylib
0x000000000f164000 	/System/Library/Frameworks/CoreServices.framework/Versions/A/Frameworks/FSEvents.framework/Versions/A/FSEvents
0x000000000f164000 	/System/Library/Frameworks/CoreServices.framework/Versions/A/Frameworks/CarbonCore.framework/Versions/A/CarbonCore
0x000000000f164000 	/System/Library/Frameworks/CoreServices.framework/Versions/A/Frameworks/Metadata.framework/Versions/A/Metadata
0x000000000f164000 	/System/Library/Frameworks/CoreServices.framework/Versions/A/Frameworks/OSServices.framework/Versions/A/OSServices
0x000000000f164000 	/System/Library/Frameworks/CoreServices.framework/Versions/A/Frameworks/SearchKit.framework/Versions/A/SearchKit
0x000000000f164000 	/System/Library/Frameworks/CoreServices.framework/Versions/A/Frameworks/AE.framework/Versions/A/AE
0x000000000f164000 	/System/Library/Frameworks/CoreServices.framework/Versions/A/Frameworks/LaunchServices.framework/Versions/A/LaunchServices
0x000000000f164000 	/System/Library/Frameworks/CoreServices.framework/Versions/A/Frameworks/DictionaryServices.framework/Versions/A/DictionaryServices
0x000000000f164000 	/System/Library/Frameworks/CoreServices.framework/Versions/A/Frameworks/SharedFileList.framework/Versions/A/SharedFileList
0x000000000f164000 	/System/Library/Frameworks/NetFS.framework/Versions/A/NetFS
0x000000000f164000 	/System/Library/PrivateFrameworks/NetAuth.framework/Versions/A/NetAuth
0x000000000f164000 	/System/Library/PrivateFrameworks/login.framework/Versions/A/Frameworks/loginsupport.framework/Versions/A/loginsupport
0x000000000f164000 	/System/Library/PrivateFrameworks/TCC.framework/Versions/A/TCC
0x000000000f164000 	/usr/lib/libmecabra.dylib
0x000000000f164000 	/System/Library/Frameworks/ApplicationServices.framework/Versions/A/Frameworks/ATS.framework/Versions/A/ATS
0x000000000f164000 	/System/Library/Frameworks/ApplicationServices.framework/Versions/A/Frameworks/ColorSync.framework/Versions/A/ColorSync
0x000000000f164000 	/System/Library/Frameworks/ApplicationServices.framework/Versions/A/Frameworks/HIServices.framework/Versions/A/HIServices
0x000000000f164000 	/System/Library/Frameworks/ApplicationServices.framework/Versions/A/Frameworks/LangAnalysis.framework/Versions/A/LangAnalysis
0x000000000f164000 	/System/Library/Frameworks/ApplicationServices.framework/Versions/A/Frameworks/PrintCore.framework/Versions/A/PrintCore
0x000000000f164000 	/System/Library/Frameworks/ApplicationServices.framework/Versions/A/Frameworks/QD.framework/Versions/A/QD
0x000000000f164000 	/System/Library/Frameworks/ApplicationServices.framework/Versions/A/Frameworks/SpeechSynthesis.framework/Versions/A/SpeechSynthesis
0x000000000f164000 	/System/Library/Frameworks/Accelerate.framework/Versions/A/Frameworks/vImage.framework/Versions/A/vImage
0x000000000f164000 	/System/Library/Frameworks/Accelerate.framework/Versions/A/Frameworks/vecLib.framework/Versions/A/vecLib
0x000000000f164000 	/System/Library/Frameworks/Accelerate.framework/Versions/A/Frameworks/vecLib.framework/Versions/A/libvDSP.dylib
0x000000000f164000 	/System/Library/Frameworks/Accelerate.framework/Versions/A/Frameworks/vecLib.framework/Versions/A/libBNNS.dylib
0x000000000f164000 	/System/Library/Frameworks/Accelerate.framework/Versions/A/Frameworks/vecLib.framework/Versions/A/libQuadrature.dylib
0x000000000f164000 	/System/Library/Frameworks/Accelerate.framework/Versions/A/Frameworks/vecLib.framework/Versions/A/libvMisc.dylib
0x000000000f164000 	/System/Library/Frameworks/Accelerate.framework/Versions/A/Frameworks/vecLib.framework/Versions/A/libLAPACK.dylib
0x000000000f164000 	/System/Library/Frameworks/Accelerate.framework/Versions/A/Frameworks/vecLib.framework/Versions/A/libBLAS.dylib
0x000000000f164000 	/System/Library/Frameworks/Accelerate.framework/Versions/A/Frameworks/vecLib.framework/Versions/A/libLinearAlgebra.dylib
0x000000000f164000 	/System/Library/Frameworks/Accelerate.framework/Versions/A/Frameworks/vecLib.framework/Versions/A/libSparseBLAS.dylib
0x000000000f164000 	/System/Library/Frameworks/ApplicationServices.framework/Versions/A/Frameworks/ATS.framework/Versions/A/Resources/libFontParser.dylib
0x000000000f164000 	/System/Library/Frameworks/ApplicationServices.framework/Versions/A/Frameworks/ATS.framework/Versions/A/Resources/libFontRegistry.dylib
0x000000000f164000 	/System/Library/Frameworks/ImageIO.framework/Versions/A/Resources/libJPEG.dylib
0x000000000f164000 	/System/Library/Frameworks/ImageIO.framework/Versions/A/Resources/libTIFF.dylib
0x000000000f164000 	/System/Library/Frameworks/ImageIO.framework/Versions/A/Resources/libPng.dylib
0x000000000f164000 	/System/Library/Frameworks/ImageIO.framework/Versions/A/Resources/libGIF.dylib
0x000000000f164000 	/System/Library/Frameworks/ImageIO.framework/Versions/A/Resources/libJP2.dylib
0x000000000f164000 	/System/Library/Frameworks/ImageIO.framework/Versions/A/Resources/libRadiance.dylib
0x000000000f164000 	/usr/lib/libcompression.dylib
0x000000000f164000 	/System/Library/PrivateFrameworks/AppleJPEG.framework/Versions/A/AppleJPEG
0x000000000f164000 	/usr/lib/libcups.2.dylib
0x000000000f164000 	/System/Library/Frameworks/Kerberos.framework/Versions/A/Kerberos
0x000000000f164000 	/System/Library/Frameworks/GSS.framework/Versions/A/GSS
0x000000000f164000 	/usr/lib/libresolv.9.dylib
0x000000000f164000 	/usr/lib/libiconv.2.dylib
0x000000000f164000 	/System/Library/PrivateFrameworks/Heimdal.framework/Versions/A/Heimdal
0x000000000f164000 	/usr/lib/libheimdal-asn1.dylib
0x000000000f164000 	/System/Library/Frameworks/OpenDirectory.framework/Versions/A/OpenDirectory
0x000000000f164000 	/System/Library/PrivateFrameworks/CommonAuth.framework/Versions/A/CommonAuth
0x000000000f164000 	/System/Library/Frameworks/OpenDirectory.framework/Versions/A/Frameworks/CFOpenDirectory.framework/Versions/A/CFOpenDirectory
0x000000000f164000 	/System/Library/Frameworks/SecurityFoundation.framework/Versions/A/SecurityFoundation
0x000000000f164000 	/System/Library/PrivateFrameworks/LanguageModeling.framework/Versions/A/LanguageModeling
0x000000000f164000 	/usr/lib/libmarisa.dylib
0x000000000f164000 	/usr/lib/libChineseTokenizer.dylib
0x000000000f164000 	/usr/lib/libcmph.dylib
0x000000000f164000 	/System/Library/PrivateFrameworks/CoreEmoji.framework/Versions/A/CoreEmoji
0x000000000f164000 	/System/Library/Frameworks/ServiceManagement.framework/Versions/A/ServiceManagement
0x000000000f164000 	/usr/lib/libxslt.1.dylib
0x000000000f164000 	/System/Library/Frameworks/Carbon.framework/Versions/A/Frameworks/Ink.framework/Versions/A/Ink
0x000000000f164000 	/System/Library/PrivateFrameworks/TextureIO.framework/Versions/A/TextureIO
0x000000000f164000 	/System/Library/Frameworks/Metal.framework/Versions/A/Metal
0x000000000f164000 	/usr/lib/libate.dylib
0x000000000f164000 	/System/Library/PrivateFrameworks/GPUCompiler.framework/libmetal_timestamp.dylib
0x000000000f164000 	/System/Library/Frameworks/OpenGL.framework/Versions/A/Libraries/libCoreFSCache.dylib
0x000000000f164000 	/System/Library/PrivateFrameworks/IOAccelerator.framework/Versions/A/IOAccelerator
0x000000000f164000 	/System/Library/Frameworks/CoreVideo.framework/Versions/A/CoreVideo
0x000000000f164000 	/usr/lib/libFosl_dynamic.dylib
0x000000000f164000 	/System/Library/PrivateFrameworks/MetalPerformanceShaders.framework/Versions/A/MetalPerformanceShaders
0x000000000f164000 	/System/Library/PrivateFrameworks/FaceCore.framework/Versions/A/FaceCore
0x000000000f164000 	/System/Library/Frameworks/OpenCL.framework/Versions/A/OpenCL
0x000000000f164000 	/System/Library/Frameworks/OpenGL.framework/Versions/A/Libraries/libGLU.dylib
0x000000000f164000 	/System/Library/Frameworks/OpenGL.framework/Versions/A/Libraries/libGFXShared.dylib
0x000000000f164000 	/System/Library/Frameworks/OpenGL.framework/Versions/A/Libraries/libGL.dylib
0x000000000f164000 	/System/Library/Frameworks/OpenGL.framework/Versions/A/Libraries/libGLImage.dylib
0x000000000f164000 	/System/Library/Frameworks/OpenGL.framework/Versions/A/Libraries/libCVMSPluginSupport.dylib
0x000000000f164000 	/System/Library/Frameworks/OpenGL.framework/Versions/A/Libraries/libCoreVMClient.dylib
0x000000000f164000 	/System/Library/PrivateFrameworks/CrashReporterSupport.framework/Versions/A/CrashReporterSupport
0x000000000f164000 	/System/Library/PrivateFrameworks/Sharing.framework/Versions/A/Sharing
0x000000000f164000 	/System/Library/PrivateFrameworks/IconServices.framework/Versions/A/IconServices
0x000000000f164000 	/System/Library/PrivateFrameworks/ProtocolBuffer.framework/Versions/A/ProtocolBuffer
0x000000000f164000 	/System/Library/PrivateFrameworks/Apple80211.framework/Versions/A/Apple80211
0x000000000f164000 	/System/Library/Frameworks/CoreWLAN.framework/Versions/A/CoreWLAN
0x000000000f164000 	/System/Library/PrivateFrameworks/CoreUtils.framework/Versions/A/CoreUtils
0x000000000f164000 	/System/Library/Frameworks/IOBluetooth.framework/Versions/A/IOBluetooth
0x000000000f164000 	/System/Library/PrivateFrameworks/CoreWiFi.framework/Versions/A/CoreWiFi
0x000000000f164000 	/System/Library/Frameworks/CoreBluetooth.framework/Versions/A/CoreBluetooth
0x000000000f164000 	/System/Library/Frameworks/CoreDisplay.framework/Versions/A/CoreDisplay
0x000000000f164000 	/System/Library/PrivateFrameworks/IOPresentment.framework/Versions/A/IOPresentment
0x000000000f164000 	/System/Library/PrivateFrameworks/DebugSymbols.framework/Versions/A/DebugSymbols
0x000000000f164000 	/System/Library/PrivateFrameworks/CoreSymbolication.framework/Versions/A/CoreSymbolication
0x000000000f164000 	/System/Library/PrivateFrameworks/Symbolication.framework/Versions/A/Symbolication
0x000000000f164000 	/System/Library/PrivateFrameworks/AppleFSCompression.framework/Versions/A/AppleFSCompression
0x000000000f164000 	/System/Library/PrivateFrameworks/SpeechRecognitionCore.framework/Versions/A/SpeechRecognitionCore
0x000000000f164000 	/System/Library/PrivateFrameworks/ChunkingLibrary.framework/Versions/A/ChunkingLibrary
0x0000000101e9d000 	/System/Library/CoreServices/Encodings/libSimplifiedChineseConverter.dylib
0x0000000102800000 	/Library/Java/JavaVirtualMachines/jdk1.8.0_40.jdk/Contents/Home/jre/lib/server/libjvm.dylib
0x000000000f164000 	/usr/lib/libstdc++.6.dylib
0x0000000101ee1000 	/Library/Java/JavaVirtualMachines/jdk1.8.0_40.jdk/Contents/Home/jre/lib/libverify.dylib
0x0000000101eef000 	/Library/Java/JavaVirtualMachines/jdk1.8.0_40.jdk/Contents/Home/jre/lib/libjava.dylib
0x0000000101f25000 	/Library/Java/JavaVirtualMachines/jdk1.8.0_40.jdk/Contents/Home/jre/lib/libjdwp.dylib
0x0000000101f70000 	/Library/Java/JavaVirtualMachines/jdk1.8.0_40.jdk/Contents/Home/jre/lib/libnpt.dylib
0x0000000101f7d000 	/Library/Java/JavaVirtualMachines/jdk1.8.0_40.jdk/Contents/Home/jre/lib/libzip.dylib
0x0000000101fe3000 	/System/Library/Frameworks/JavaVM.framework/Frameworks/JavaRuntimeSupport.framework/JavaRuntimeSupport
0x0000000107606000 	/System/Library/Frameworks/JavaVM.framework/Versions/A/Frameworks/JavaNativeFoundation.framework/Versions/A/JavaNativeFoundation
0x000000010761b000 	/System/Library/Frameworks/JavaVM.framework/Versions/A/JavaVM
0x000000000f164000 	/System/Library/Frameworks/Carbon.framework/Versions/A/Carbon
0x0000000107628000 	/System/Library/PrivateFrameworks/JavaLaunching.framework/Versions/A/JavaLaunching
0x000000000f164000 	/System/Library/Frameworks/Carbon.framework/Versions/A/Frameworks/CommonPanels.framework/Versions/A/CommonPanels
0x000000000f164000 	/System/Library/Frameworks/Carbon.framework/Versions/A/Frameworks/Help.framework/Versions/A/Help
0x000000000f164000 	/System/Library/Frameworks/Carbon.framework/Versions/A/Frameworks/ImageCapture.framework/Versions/A/ImageCapture
0x000000000f164000 	/System/Library/Frameworks/Carbon.framework/Versions/A/Frameworks/OpenScripting.framework/Versions/A/OpenScripting
0x000000000f164000 	/System/Library/Frameworks/Carbon.framework/Versions/A/Frameworks/Print.framework/Versions/A/Print
0x000000000f164000 	/System/Library/Frameworks/Carbon.framework/Versions/A/Frameworks/SecurityHI.framework/Versions/A/SecurityHI
0x000000010767c000 	/Library/Java/JavaVirtualMachines/jdk1.8.0_40.jdk/Contents/Home/jre/lib/libdt_socket.dylib

VM Arguments:
jvm_args: -agentlib:jdwp=transport=dt_socket,suspend=y,address=localhost:2208 -Dfile.encoding=UTF-8 
java_command: Main
java_class_path (initial): /Users/G/Desktop/Glex/bin
Launcher Type: SUN_STANDARD

Environment Variables:
PATH=/usr/bin:/bin:/usr/sbin:/sbin
SHELL=/bin/zsh
DISPLAY=/private/tmp/com.apple.launchd.hzLbjnfjwI/org.macosforge.xquartz:0

Signal Handlers:
SIGSEGV: [libjvm.dylib+0x58ef95], sa_mask[0]=11111111011111110111111111111111, sa_flags=SA_ONSTACK|SA_RESTART|SA_SIGINFO
SIGBUS: [libjvm.dylib+0x58ef95], sa_mask[0]=11111111011111110111111111111111, sa_flags=SA_RESTART|SA_SIGINFO
SIGFPE: [libjvm.dylib+0x46c118], sa_mask[0]=11111111011111110111111111111111, sa_flags=SA_RESTART|SA_SIGINFO
SIGPIPE: [libjvm.dylib+0x46c118], sa_mask[0]=11111111011111110111111111111111, sa_flags=SA_RESTART|SA_SIGINFO
SIGXFSZ: [libjvm.dylib+0x46c118], sa_mask[0]=11111111011111110111111111111111, sa_flags=SA_RESTART|SA_SIGINFO
SIGILL: [libjvm.dylib+0x46c118], sa_mask[0]=11111111011111110111111111111111, sa_flags=SA_RESTART|SA_SIGINFO
SIGUSR1: SIG_DFL, sa_mask[0]=00000000000000000000000000000000, sa_flags=none
SIGUSR2: [libjvm.dylib+0x46bc36], sa_mask[0]=00100000000000000000000000000000, sa_flags=SA_RESTART|SA_SIGINFO
SIGHUP: [libjvm.dylib+0x46a209], sa_mask[0]=11111111011111110111111111111111, sa_flags=SA_RESTART|SA_SIGINFO
SIGINT: [libjvm.dylib+0x46a209], sa_mask[0]=11111111011111110111111111111111, sa_flags=SA_RESTART|SA_SIGINFO
SIGTERM: [libjvm.dylib+0x46a209], sa_mask[0]=11111111011111110111111111111111, sa_flags=SA_RESTART|SA_SIGINFO
SIGQUIT: [libjvm.dylib+0x46a209], sa_mask[0]=11111111011111110111111111111111, sa_flags=SA_RESTART|SA_SIGINFO


---------------  S Y S T E M  ---------------

OS:Bsduname:Darwin 16.0.0 Darwin Kernel Version 16.0.0: Mon Aug 29 17:56:20 PDT 2016; root:xnu-3789.1.32~3/RELEASE_X86_64 x86_64
rlimit: STACK 8192k, CORE 0k, NPROC 709, NOFILE 10240, AS infinity
load average:2.59 2.46 2.46

CPU:total 4 (2 cores per cpu, 2 threads per core) family 6 model 58 stepping 9, cmov, cx8, fxsr, mmx, sse, sse2, sse3, ssse3, sse4.1, sse4.2, popcnt, avx, aes, clmul, erms, ht, tsc, tscinvbit, tscinv

Memory: 4k page, physical 4194304k(82036k free)

/proc/meminfo:


vm_info: Java HotSpot(TM) 64-Bit Server VM (25.40-b25) for bsd-amd64 JRE (1.8.0_40-b27), built on Mar 13 2015 04:46:52 by "java_re" with gcc 4.2.1 (Based on Apple Inc. build 5658) (LLVM build 2336.11.00)

time: Tue Oct 25 23:56:06 2016
elapsed time: 347 seconds (0d 0h 5m 47s)

