#
# A fatal error has been detected by the Java Runtime Environment:
#
#  SIGSEGV (0xb) at pc=0x000000010be7d920, pid=963, tid=11523
#
# JRE version: Java(TM) SE Runtime Environment (8.0_40-b27) (build 1.8.0_40-b27)
# Java VM: Java HotSpot(TM) 64-Bit Server VM (25.40-b25 mixed mode bsd-amd64 compressed oops)
# Problematic frame:
# V  [libjvm.dylib+0x27d920]  GenerateOopMap::bb_mark_fct(GenerateOopMap*, int, int*)+0x1e
#
# Failed to write core dump. Core dumps have been disabled. To enable core dumping, try "ulimit -c unlimited" before starting Java again
#
# If you would like to submit a bug report, please visit:
#   http://bugreport.java.com/bugreport/crash.jsp
#

---------------  T H R E A D  ---------------

Current thread (0x00007fcb00837000):  VMThread [stack: 0x000070000962a000,0x000070000972a000] [id=11523]

siginfo: si_signo: 11 (SIGSEGV), si_code: 0 (unknown), si_addr: 0x0000000000000000

Registers:
RAX=0x00007fcb0040d290, RBX=0x00007000097296c8, RCX=0xffffffffffffcb67, RDX=0x0000000000000000
RSP=0x00007000097294d0, RBP=0x00007000097294e0, RSI=0x00000000ffffcb67, RDI=0x00007000097296c8
R8 =0x1ffffffffffff968, R9 =0x00007fcb01071800, R10=0x0000000000000000, R11=0x000000000000038f
R12=0x000000010be7d902, R13=0x000000000000013c, R14=0x000000000000013c, R15=0x0000000000000000
RIP=0x000000010be7d920, EFLAGS=0x0000000000010a02, ERR=0x0000000000000000
  TRAPNO=0x000000000000000d

Top of Stack: (sp=0x00007000097294d0)
0x00007000097294d0:   00007000097296c8 00007000097296c8
0x00007000097294e0:   0000700009729540 000000010be7de56
0x00007000097294f0:   000000011e93b8b8 0000000000000000
0x0000700009729500:   000000010be7d902 0000700009729550
0x0000700009729510:   0000700009729540 00007000097296c8
0x0000700009729520:   00000000000000a1 000000000000013c
0x0000700009729530:   000000011e93b801 0000700009729550
0x0000700009729540:   00007000097295d0 000000010be7e9f3
0x0000700009729550:   00007000097296e0 000000011e93b8b8
0x0000700009729560:   00007fcb00837000 0000013f0000013c
0x0000700009729570:   000000a100000758 000000a11e930000
0x0000700009729580:   0000000000000000 0000075800000000
0x0000700009729590:   000000011e93b8b8 00007fcb00837000
0x00007000097295a0:   000000011e93b8b8 00007fcb00837000
0x00007000097295b0:   000000011e93b8b8 00007fcb00837000
0x00007000097295c0:   00007000097296c8 000000011e93b8b8
0x00007000097295d0:   0000700009729660 000000010be7ec4b
0x00007000097295e0:   0000003000000000 0000000000000000
0x00007000097295f0:   0000700009729a90 0000700009729600
0x0000700009729600:   0000000000000000 000000010c200100
0x0000700009729610:   0000000000000000 000000010c203d73
0x0000700009729620:   0000000000000000 5800000000000001
0x0000700009729630:   000000011e93b8b8 00007fcb00837000
0x0000700009729640:   000000011e93b8b8 00007000097296c8
0x0000700009729650:   00007fcb00837000 00007fcb01071800
0x0000700009729660:   00007000097296b0 000000010c065f99
0x0000700009729670:   00007fcb00611d90 00007fcb0040d1e0
0x0000700009729680:   00007fcb0040d1f0 00007fcb0040d5c8
0x0000700009729690:   00000000000003d8 0000000000000000
0x00007000097296a0:   00007000097298a0 00007fcb01071800
0x00007000097296b0:   0000700009729840 000000010c0661a2
0x00007000097296c0:   00000000097296e0 000000010c4aac10 

Instructions: (pc=0x000000010be7d920)
0x000000010be7d900:   c3 90 55 48 89 e5 53 48 83 ec 08 48 8b 87 90 00
0x000000010be7d910:   00 00 48 63 ce 49 89 c8 49 83 e0 c0 49 c1 e8 03
0x000000010be7d920:   4a 8b 04 00 48 0f a3 f0 72 17 48 89 fb 48 8d 7b
0x000000010be7d930:   70 ba 01 00 00 00 48 89 ce e8 40 4a e5 ff ff 43 

Register to memory mapping:

RAX=0x00007fcb0040d290 is an unknown value
RBX=0x00007000097296c8 is an unknown value
RCX=0xffffffffffffcb67 is an unknown value
RDX=0x0000000000000000 is an unknown value
RSP=0x00007000097294d0 is an unknown value
RBP=0x00007000097294e0 is an unknown value
RSI=0x00000000ffffcb67 is an unknown value
RDI=0x00007000097296c8 is an unknown value
R8 =0x1ffffffffffff968 is an unknown value
R9 =0x00007fcb01071800 is an unknown value
R10=0x0000000000000000 is an unknown value
R11=0x000000000000038f is an unknown value
R12=0x000000010be7d902: _ZN14GenerateOopMap11bb_mark_fctEPS_iPi+0 in /Library/Java/JavaVirtualMachines/jdk1.8.0_40.jdk/Contents/Home/jre/lib/server/libjvm.dylib at 0x000000010bc00000
R13=0x000000000000013c is an unknown value
R14=0x000000000000013c is an unknown value
R15=0x0000000000000000 is an unknown value


Stack: [0x000070000962a000,0x000070000972a000],  sp=0x00007000097294d0,  free space=1021k
Native frames: (J=compiled Java code, j=interpreted, Vv=VM code, C=native code)
V  [libjvm.dylib+0x27d920]  GenerateOopMap::bb_mark_fct(GenerateOopMap*, int, int*)+0x1e
V  [libjvm.dylib+0x27de56]  GenerateOopMap::jump_targets_do(BytecodeStream*, void (*)(GenerateOopMap*, int, int*), int*)+0x1de
V  [libjvm.dylib+0x27e9f3]  GenerateOopMap::mark_bbheaders_and_count_gc_points()+0x131
V  [libjvm.dylib+0x27ec4b]  GenerateOopMap::compute_map(Thread*)+0x1eb
V  [libjvm.dylib+0x465f99]  OopMapForCacheEntry::compute_map(Thread*)+0x8f
V  [libjvm.dylib+0x4661a2]  OopMapCacheEntry::fill(methodHandle, int)+0x19e
V  [libjvm.dylib+0x46661e]  OopMapCache::lookup(methodHandle, int, InterpreterOopMap*) const+0x2f8
V  [libjvm.dylib+0x2b4654]  InstanceKlass::mask_for(methodHandle, int, InterpreterOopMap*)+0xd2
V  [libjvm.dylib+0x434fed]  Method::mask_for(int, InterpreterOopMap*)+0xb3
V  [libjvm.dylib+0x5870f3]  interpretedVFrame::stack_data(bool) const+0x4b
V  [libjvm.dylib+0x38299b]  VM_GetOrSetLocal::doit()+0x243
V  [libjvm.dylib+0x595f7d]  VM_Operation::evaluate()+0x4f
V  [libjvm.dylib+0x5945e9]  VMThread::evaluate_operation(VM_Operation*)+0xdf
V  [libjvm.dylib+0x594a36]  VMThread::loop()+0x328
V  [libjvm.dylib+0x594355]  VMThread::run()+0x79
V  [libjvm.dylib+0x46ea8e]  java_start(Thread*)+0xf6
C  [libsystem_pthread.dylib+0x3abb]  _pthread_body+0xb4
C  [libsystem_pthread.dylib+0x3a07]  _pthread_body+0x0
C  [libsystem_pthread.dylib+0x3231]  thread_start+0xd

VM_Operation (0x0000700009b35958): GetOrSetLocal, mode: safepoint, requested by thread 0x00007fcb0200b000


---------------  P R O C E S S  ---------------

Java Threads: ( => current thread )
  0x00007fcb02020800 JavaThread "Service Thread" daemon [_thread_blocked, id=19971, stack(0x000070000a048000,0x000070000a148000)]
  0x00007fcb0105d000 JavaThread "C1 CompilerThread2" daemon [_thread_blocked, id=19459, stack(0x0000700009f45000,0x000070000a045000)]
  0x00007fcb01004800 JavaThread "C2 CompilerThread1" daemon [_thread_blocked, id=18947, stack(0x0000700009e42000,0x0000700009f42000)]
  0x00007fcb00849000 JavaThread "C2 CompilerThread0" daemon [_thread_blocked, id=18435, stack(0x0000700009d3f000,0x0000700009e3f000)]
  0x00007fcb00845000 JavaThread "JDWP Command Reader" daemon [_thread_in_native, id=17923, stack(0x0000700009c3c000,0x0000700009d3c000)]
  0x00007fcb0200c000 JavaThread "JDWP Event Helper Thread" daemon [_thread_blocked, id=17411, stack(0x0000700009b39000,0x0000700009c39000)]
  0x00007fcb0200b000 JavaThread "JDWP Transport Listener: dt_socket" daemon [_thread_blocked, id=16899, stack(0x0000700009a36000,0x0000700009b36000)]
  0x00007fcb01837000 JavaThread "Signal Dispatcher" daemon [_thread_blocked, id=16387, stack(0x0000700009933000,0x0000700009a33000)]
  0x00007fcb00837800 JavaThread "Finalizer" daemon [_thread_blocked, id=12547, stack(0x0000700009830000,0x0000700009930000)]
  0x00007fcb02000800 JavaThread "Reference Handler" daemon [_thread_blocked, id=12035, stack(0x000070000972d000,0x000070000982d000)]
  0x00007fcb00802800 JavaThread "main" [_thread_blocked, id=7171, stack(0x000070000911b000,0x000070000921b000)]

Other Threads:
=>0x00007fcb00837000 VMThread [stack: 0x000070000962a000,0x000070000972a000] [id=11523]
  0x00007fcb02001800 WatcherThread [stack: 0x000070000a14b000,0x000070000a24b000] [id=20483]

VM state:at safepoint (normal execution)

VM Mutex/Monitor currently owned by a thread:  ([mutex/lock_event])
[0x00007fcb00605ee0] Threads_lock - owner thread: 0x00007fcb00837000

Heap:
 PSYoungGen      total 18944K, used 1982K [0x00000007aab00000, 0x00000007ac000000, 0x00000007c0000000)
  eden space 16384K, 12% used [0x00000007aab00000,0x00000007aacef968,0x00000007abb00000)
  from space 2560K, 0% used [0x00000007abd80000,0x00000007abd80000,0x00000007ac000000)
  to   space 2560K, 0% used [0x00000007abb00000,0x00000007abb00000,0x00000007abd80000)
 ParOldGen       total 44032K, used 0K [0x0000000780000000, 0x0000000782b00000, 0x00000007aab00000)
  object space 44032K, 0% used [0x0000000780000000,0x0000000780000000,0x0000000782b00000)
 Metaspace       used 2817K, capacity 4564K, committed 4864K, reserved 1056768K
  class space    used 301K, capacity 388K, committed 512K, reserved 1048576K

Card table byte_map: [0x000000011c132000,0x000000011c333000] byte_map_base: 0x0000000118532000

Marking Bits: (ParMarkBitMap*) 0x000000010c4c27a0
 Begin Bits: [0x000000011c333000, 0x000000011d333000)
 End Bits:   [0x000000011d333000, 0x000000011e333000)

Polling page: 0x000000010b362000

CodeCache: size=245760Kb used=1141Kb max_used=1141Kb free=244618Kb
 bounds [0x000000010cd72000, 0x000000010cfe2000, 0x000000011bd72000]
 total_blobs=269 nmethods=37 adapters=154
 compilation: enabled

Compilation events (10 events):
Event: 0.289 Thread 0x00007fcb0105d000   33       1       java.nio.Buffer::limit (5 bytes)
Event: 0.289 Thread 0x00007fcb0105d000 nmethod 33 0x000000010ce8db50 code [0x000000010ce8dca0, 0x000000010ce8ddb0]
Event: 0.290 Thread 0x00007fcb0105d000   34       3       java.nio.ByteBuffer::arrayOffset (35 bytes)
Event: 0.291 Thread 0x00007fcb0105d000 nmethod 34 0x000000010ce8de10 code [0x000000010ce8dfa0, 0x000000010ce8e298]
Event: 0.291 Thread 0x00007fcb0105d000   36       3       java.nio.Buffer::position (43 bytes)
Event: 0.291 Thread 0x00007fcb0105d000 nmethod 36 0x000000010ce8e3d0 code [0x000000010ce8e560, 0x000000010ce8e828]
Event: 0.291 Thread 0x00007fcb0105d000   37       3       java.lang.StringBuilder::append (8 bytes)
Event: 0.292 Thread 0x00007fcb0105d000 nmethod 37 0x000000010ce8e910 code [0x000000010ce8ea80, 0x000000010ce8ec28]
Event: 0.292 Thread 0x00007fcb0105d000   35       3       java.lang.AbstractStringBuilder::append (50 bytes)
Event: 0.292 Thread 0x00007fcb0105d000 nmethod 35 0x000000010ce8ecd0 code [0x000000010ce8ee80, 0x000000010ce8f3a8]

GC Heap History (0 events):
No events

Deoptimization events (0 events):
No events

Internal exceptions (2 events):
Event: 0.058 Thread 0x00007fcb00802800 Exception <a 'java/lang/NoSuchMethodError': Method sun.misc.Unsafe.defineClass(Ljava/lang/String;[BII)Ljava/lang/Class; name or signature does not match> (0x00000007aab12af8) thrown at [/Users/java_re/workspace/8-2-build-macosx-x86_64/jdk8u40/3153/hotspot
Event: 0.058 Thread 0x00007fcb00802800 Exception <a 'java/lang/NoSuchMethodError': Method sun.misc.Unsafe.prefetchRead(Ljava/lang/Object;J)V name or signature does not match> (0x00000007aab12d88) thrown at [/Users/java_re/workspace/8-2-build-macosx-x86_64/jdk8u40/3153/hotspot/src/share/vm/prim

Events (10 events):
Event: 302.416 Executing VM operation: ChangeBreakpoints done
Event: 302.419 Executing VM operation: EnterInterpOnlyMode
Event: 302.419 Executing VM operation: EnterInterpOnlyMode done
Event: 302.419 Executing VM operation: GetCurrentLocation
Event: 302.419 Executing VM operation: GetCurrentLocation done
Event: 302.419 Executing VM operation: ChangeSingleStep
Event: 302.419 Executing VM operation: ChangeSingleStep done
Event: 302.419 Executing VM operation: ChangeSingleStep
Event: 302.419 Executing VM operation: ChangeSingleStep done
Event: 306.859 Executing VM operation: GetOrSetLocal


Dynamic libraries:
0x000000000f164000 	/System/Library/Frameworks/Cocoa.framework/Versions/A/Cocoa
0x000000000f164000 	/System/Library/Frameworks/Security.framework/Versions/A/Security
0x000000000f164000 	/System/Library/Frameworks/ApplicationServices.framework/Versions/A/ApplicationServices
0x000000000f164000 	/usr/lib/libz.1.dylib
0x000000000f164000 	/usr/lib/libSystem.B.dylib
0x000000000f164000 	/usr/lib/libobjc.A.dylib
0x000000000f164000 	/System/Library/Frameworks/CoreFoundation.framework/Versions/A/CoreFoundation
0x000000000f164000 	/System/Library/Frameworks/Foundation.framework/Versions/C/Foundation
0x000000000f164000 	/System/Library/Frameworks/AppKit.framework/Versions/C/AppKit
0x000000000f164000 	/System/Library/Frameworks/CoreData.framework/Versions/A/CoreData
0x000000000f164000 	/System/Library/PrivateFrameworks/RemoteViewServices.framework/Versions/A/RemoteViewServices
0x000000000f164000 	/System/Library/PrivateFrameworks/UIFoundation.framework/Versions/A/UIFoundation
0x000000000f164000 	/usr/lib/libenergytrace.dylib
0x000000000f164000 	/System/Library/PrivateFrameworks/SkyLight.framework/Versions/A/SkyLight
0x000000000f164000 	/System/Library/Frameworks/CoreGraphics.framework/Versions/A/CoreGraphics
0x000000000f164000 	/usr/lib/libScreenReader.dylib
0x000000000f164000 	/System/Library/Frameworks/Accelerate.framework/Versions/A/Accelerate
0x000000000f164000 	/System/Library/Frameworks/IOSurface.framework/Versions/A/IOSurface
0x000000000f164000 	/System/Library/Frameworks/AudioToolbox.framework/Versions/A/AudioToolbox
0x000000000f164000 	/System/Library/Frameworks/AudioUnit.framework/Versions/A/AudioUnit
0x000000000f164000 	/System/Library/PrivateFrameworks/DataDetectorsCore.framework/Versions/A/DataDetectorsCore
0x000000000f164000 	/System/Library/PrivateFrameworks/DesktopServicesPriv.framework/Versions/A/DesktopServicesPriv
0x000000000f164000 	/System/Library/Frameworks/Carbon.framework/Versions/A/Frameworks/HIToolbox.framework/Versions/A/HIToolbox
0x000000000f164000 	/usr/lib/libicucore.A.dylib
0x000000000f164000 	/System/Library/Frameworks/QuartzCore.framework/Versions/A/QuartzCore
0x000000000f164000 	/System/Library/Frameworks/Carbon.framework/Versions/A/Frameworks/SpeechRecognition.framework/Versions/A/SpeechRecognition
0x000000000f164000 	/usr/lib/libauto.dylib
0x000000000f164000 	/usr/lib/libxml2.2.dylib
0x000000000f164000 	/System/Library/PrivateFrameworks/CoreUI.framework/Versions/A/CoreUI
0x000000000f164000 	/System/Library/Frameworks/CoreAudio.framework/Versions/A/CoreAudio
0x000000000f164000 	/System/Library/Frameworks/DiskArbitration.framework/Versions/A/DiskArbitration
0x000000000f164000 	/usr/lib/liblangid.dylib
0x000000000f164000 	/System/Library/PrivateFrameworks/MultitouchSupport.framework/Versions/A/MultitouchSupport
0x000000000f164000 	/System/Library/Frameworks/IOKit.framework/Versions/A/IOKit
0x000000000f164000 	/usr/lib/libDiagnosticMessagesClient.dylib
0x000000000f164000 	/System/Library/Frameworks/CoreServices.framework/Versions/A/CoreServices
0x000000000f164000 	/System/Library/PrivateFrameworks/PerformanceAnalysis.framework/Versions/A/PerformanceAnalysis
0x000000000f164000 	/System/Library/PrivateFrameworks/GenerationalStorage.framework/Versions/A/GenerationalStorage
0x000000000f164000 	/System/Library/Frameworks/OpenGL.framework/Versions/A/OpenGL
0x000000000f164000 	/System/Library/Frameworks/CoreImage.framework/Versions/A/CoreImage
0x000000000f164000 	/System/Library/Frameworks/CoreText.framework/Versions/A/CoreText
0x000000000f164000 	/System/Library/Frameworks/ImageIO.framework/Versions/A/ImageIO
0x000000000f164000 	/System/Library/PrivateFrameworks/Backup.framework/Versions/A/Backup
0x000000000f164000 	/usr/lib/libarchive.2.dylib
0x000000000f164000 	/System/Library/Frameworks/CFNetwork.framework/Versions/A/CFNetwork
0x000000000f164000 	/System/Library/Frameworks/SystemConfiguration.framework/Versions/A/SystemConfiguration
0x000000000f164000 	/usr/lib/libCRFSuite.dylib
0x000000000f164000 	/usr/lib/libc++.1.dylib
0x000000000f164000 	/usr/lib/libc++abi.dylib
0x000000000f164000 	/usr/lib/system/libcache.dylib
0x000000000f164000 	/usr/lib/system/libcommonCrypto.dylib
0x000000000f164000 	/usr/lib/system/libcompiler_rt.dylib
0x000000000f164000 	/usr/lib/system/libcopyfile.dylib
0x000000000f164000 	/usr/lib/system/libcorecrypto.dylib
0x000000000f164000 	/usr/lib/system/libdispatch.dylib
0x000000000f164000 	/usr/lib/system/libdyld.dylib
0x000000000f164000 	/usr/lib/system/libkeymgr.dylib
0x000000000f164000 	/usr/lib/system/liblaunch.dylib
0x000000000f164000 	/usr/lib/system/libmacho.dylib
0x000000000f164000 	/usr/lib/system/libquarantine.dylib
0x000000000f164000 	/usr/lib/system/libremovefile.dylib
0x000000000f164000 	/usr/lib/system/libsystem_asl.dylib
0x000000000f164000 	/usr/lib/system/libsystem_blocks.dylib
0x000000000f164000 	/usr/lib/system/libsystem_c.dylib
0x000000000f164000 	/usr/lib/system/libsystem_configuration.dylib
0x000000000f164000 	/usr/lib/system/libsystem_coreservices.dylib
0x000000000f164000 	/usr/lib/system/libsystem_coretls.dylib
0x000000000f164000 	/usr/lib/system/libsystem_dnssd.dylib
0x000000000f164000 	/usr/lib/system/libsystem_info.dylib
0x000000000f164000 	/usr/lib/system/libsystem_kernel.dylib
0x000000000f164000 	/usr/lib/system/libsystem_m.dylib
0x000000000f164000 	/usr/lib/system/libsystem_malloc.dylib
0x000000000f164000 	/usr/lib/system/libsystem_network.dylib
0x000000000f164000 	/usr/lib/system/libsystem_networkextension.dylib
0x000000000f164000 	/usr/lib/system/libsystem_notify.dylib
0x000000000f164000 	/usr/lib/system/libsystem_platform.dylib
0x000000000f164000 	/usr/lib/system/libsystem_pthread.dylib
0x000000000f164000 	/usr/lib/system/libsystem_sandbox.dylib
0x000000000f164000 	/usr/lib/system/libsystem_secinit.dylib
0x000000000f164000 	/usr/lib/system/libsystem_symptoms.dylib
0x000000000f164000 	/usr/lib/system/libsystem_trace.dylib
0x000000000f164000 	/usr/lib/system/libunwind.dylib
0x000000000f164000 	/usr/lib/system/libxpc.dylib
0x000000000f164000 	/usr/lib/libbsm.0.dylib
0x000000000f164000 	/usr/lib/system/libkxld.dylib
0x000000000f164000 	/usr/lib/libcoretls.dylib
0x000000000f164000 	/usr/lib/libcoretls_cfhelpers.dylib
0x000000000f164000 	/usr/lib/libxar.1.dylib
0x000000000f164000 	/usr/lib/libsqlite3.dylib
0x000000000f164000 	/usr/lib/libpam.2.dylib
0x000000000f164000 	/usr/lib/libOpenScriptingUtil.dylib
0x000000000f164000 	/usr/lib/libbz2.1.0.dylib
0x000000000f164000 	/usr/lib/liblzma.5.dylib
0x000000000f164000 	/usr/lib/libnetwork.dylib
0x000000000f164000 	/usr/lib/libpcap.A.dylib
0x000000000f164000 	/System/Library/Frameworks/CoreServices.framework/Versions/A/Frameworks/FSEvents.framework/Versions/A/FSEvents
0x000000000f164000 	/System/Library/Frameworks/CoreServices.framework/Versions/A/Frameworks/CarbonCore.framework/Versions/A/CarbonCore
0x000000000f164000 	/System/Library/Frameworks/CoreServices.framework/Versions/A/Frameworks/Metadata.framework/Versions/A/Metadata
0x000000000f164000 	/System/Library/Frameworks/CoreServices.framework/Versions/A/Frameworks/OSServices.framework/Versions/A/OSServices
0x000000000f164000 	/System/Library/Frameworks/CoreServices.framework/Versions/A/Frameworks/SearchKit.framework/Versions/A/SearchKit
0x000000000f164000 	/System/Library/Frameworks/CoreServices.framework/Versions/A/Frameworks/AE.framework/Versions/A/AE
0x000000000f164000 	/System/Library/Frameworks/CoreServices.framework/Versions/A/Frameworks/LaunchServices.framework/Versions/A/LaunchServices
0x000000000f164000 	/System/Library/Frameworks/CoreServices.framework/Versions/A/Frameworks/DictionaryServices.framework/Versions/A/DictionaryServices
0x000000000f164000 	/System/Library/Frameworks/CoreServices.framework/Versions/A/Frameworks/SharedFileList.framework/Versions/A/SharedFileList
0x000000000f164000 	/System/Library/Frameworks/NetFS.framework/Versions/A/NetFS
0x000000000f164000 	/System/Library/PrivateFrameworks/NetAuth.framework/Versions/A/NetAuth
0x000000000f164000 	/System/Library/PrivateFrameworks/login.framework/Versions/A/Frameworks/loginsupport.framework/Versions/A/loginsupport
0x000000000f164000 	/System/Library/PrivateFrameworks/TCC.framework/Versions/A/TCC
0x000000000f164000 	/usr/lib/libmecabra.dylib
0x000000000f164000 	/System/Library/Frameworks/ApplicationServices.framework/Versions/A/Frameworks/ATS.framework/Versions/A/ATS
0x000000000f164000 	/System/Library/Frameworks/ApplicationServices.framework/Versions/A/Frameworks/ColorSync.framework/Versions/A/ColorSync
0x000000000f164000 	/System/Library/Frameworks/ApplicationServices.framework/Versions/A/Frameworks/HIServices.framework/Versions/A/HIServices
0x000000000f164000 	/System/Library/Frameworks/ApplicationServices.framework/Versions/A/Frameworks/LangAnalysis.framework/Versions/A/LangAnalysis
0x000000000f164000 	/System/Library/Frameworks/ApplicationServices.framework/Versions/A/Frameworks/PrintCore.framework/Versions/A/PrintCore
0x000000000f164000 	/System/Library/Frameworks/ApplicationServices.framework/Versions/A/Frameworks/QD.framework/Versions/A/QD
0x000000000f164000 	/System/Library/Frameworks/ApplicationServices.framework/Versions/A/Frameworks/SpeechSynthesis.framework/Versions/A/SpeechSynthesis
0x000000000f164000 	/System/Library/Frameworks/Accelerate.framework/Versions/A/Frameworks/vImage.framework/Versions/A/vImage
0x000000000f164000 	/System/Library/Frameworks/Accelerate.framework/Versions/A/Frameworks/vecLib.framework/Versions/A/vecLib
0x000000000f164000 	/System/Library/Frameworks/Accelerate.framework/Versions/A/Frameworks/vecLib.framework/Versions/A/libvDSP.dylib
0x000000000f164000 	/System/Library/Frameworks/Accelerate.framework/Versions/A/Frameworks/vecLib.framework/Versions/A/libBNNS.dylib
0x000000000f164000 	/System/Library/Frameworks/Accelerate.framework/Versions/A/Frameworks/vecLib.framework/Versions/A/libQuadrature.dylib
0x000000000f164000 	/System/Library/Frameworks/Accelerate.framework/Versions/A/Frameworks/vecLib.framework/Versions/A/libvMisc.dylib
0x000000000f164000 	/System/Library/Frameworks/Accelerate.framework/Versions/A/Frameworks/vecLib.framework/Versions/A/libLAPACK.dylib
0x000000000f164000 	/System/Library/Frameworks/Accelerate.framework/Versions/A/Frameworks/vecLib.framework/Versions/A/libBLAS.dylib
0x000000000f164000 	/System/Library/Frameworks/Accelerate.framework/Versions/A/Frameworks/vecLib.framework/Versions/A/libLinearAlgebra.dylib
0x000000000f164000 	/System/Library/Frameworks/Accelerate.framework/Versions/A/Frameworks/vecLib.framework/Versions/A/libSparseBLAS.dylib
0x000000000f164000 	/System/Library/Frameworks/ApplicationServices.framework/Versions/A/Frameworks/ATS.framework/Versions/A/Resources/libFontParser.dylib
0x000000000f164000 	/System/Library/Frameworks/ApplicationServices.framework/Versions/A/Frameworks/ATS.framework/Versions/A/Resources/libFontRegistry.dylib
0x000000000f164000 	/System/Library/Frameworks/ImageIO.framework/Versions/A/Resources/libJPEG.dylib
0x000000000f164000 	/System/Library/Frameworks/ImageIO.framework/Versions/A/Resources/libTIFF.dylib
0x000000000f164000 	/System/Library/Frameworks/ImageIO.framework/Versions/A/Resources/libPng.dylib
0x000000000f164000 	/System/Library/Frameworks/ImageIO.framework/Versions/A/Resources/libGIF.dylib
0x000000000f164000 	/System/Library/Frameworks/ImageIO.framework/Versions/A/Resources/libJP2.dylib
0x000000000f164000 	/System/Library/Frameworks/ImageIO.framework/Versions/A/Resources/libRadiance.dylib
0x000000000f164000 	/usr/lib/libcompression.dylib
0x000000000f164000 	/System/Library/PrivateFrameworks/AppleJPEG.framework/Versions/A/AppleJPEG
0x000000000f164000 	/usr/lib/libcups.2.dylib
0x000000000f164000 	/System/Library/Frameworks/Kerberos.framework/Versions/A/Kerberos
0x000000000f164000 	/System/Library/Frameworks/GSS.framework/Versions/A/GSS
0x000000000f164000 	/usr/lib/libresolv.9.dylib
0x000000000f164000 	/usr/lib/libiconv.2.dylib
0x000000000f164000 	/System/Library/PrivateFrameworks/Heimdal.framework/Versions/A/Heimdal
0x000000000f164000 	/usr/lib/libheimdal-asn1.dylib
0x000000000f164000 	/System/Library/Frameworks/OpenDirectory.framework/Versions/A/OpenDirectory
0x000000000f164000 	/System/Library/PrivateFrameworks/CommonAuth.framework/Versions/A/CommonAuth
0x000000000f164000 	/System/Library/Frameworks/OpenDirectory.framework/Versions/A/Frameworks/CFOpenDirectory.framework/Versions/A/CFOpenDirectory
0x000000000f164000 	/System/Library/Frameworks/SecurityFoundation.framework/Versions/A/SecurityFoundation
0x000000000f164000 	/System/Library/PrivateFrameworks/LanguageModeling.framework/Versions/A/LanguageModeling
0x000000000f164000 	/usr/lib/libmarisa.dylib
0x000000000f164000 	/usr/lib/libChineseTokenizer.dylib
0x000000000f164000 	/usr/lib/libcmph.dylib
0x000000000f164000 	/System/Library/PrivateFrameworks/CoreEmoji.framework/Versions/A/CoreEmoji
0x000000000f164000 	/System/Library/Frameworks/ServiceManagement.framework/Versions/A/ServiceManagement
0x000000000f164000 	/usr/lib/libxslt.1.dylib
0x000000000f164000 	/System/Library/Frameworks/Carbon.framework/Versions/A/Frameworks/Ink.framework/Versions/A/Ink
0x000000000f164000 	/System/Library/PrivateFrameworks/TextureIO.framework/Versions/A/TextureIO
0x000000000f164000 	/System/Library/Frameworks/Metal.framework/Versions/A/Metal
0x000000000f164000 	/usr/lib/libate.dylib
0x000000000f164000 	/System/Library/PrivateFrameworks/GPUCompiler.framework/libmetal_timestamp.dylib
0x000000000f164000 	/System/Library/Frameworks/OpenGL.framework/Versions/A/Libraries/libCoreFSCache.dylib
0x000000000f164000 	/System/Library/PrivateFrameworks/IOAccelerator.framework/Versions/A/IOAccelerator
0x000000000f164000 	/System/Library/Frameworks/CoreVideo.framework/Versions/A/CoreVideo
0x000000000f164000 	/usr/lib/libFosl_dynamic.dylib
0x000000000f164000 	/System/Library/PrivateFrameworks/MetalPerformanceShaders.framework/Versions/A/MetalPerformanceShaders
0x000000000f164000 	/System/Library/PrivateFrameworks/FaceCore.framework/Versions/A/FaceCore
0x000000000f164000 	/System/Library/Frameworks/OpenCL.framework/Versions/A/OpenCL
0x000000000f164000 	/System/Library/Frameworks/OpenGL.framework/Versions/A/Libraries/libGLU.dylib
0x000000000f164000 	/System/Library/Frameworks/OpenGL.framework/Versions/A/Libraries/libGFXShared.dylib
0x000000000f164000 	/System/Library/Frameworks/OpenGL.framework/Versions/A/Libraries/libGL.dylib
0x000000000f164000 	/System/Library/Frameworks/OpenGL.framework/Versions/A/Libraries/libGLImage.dylib
0x000000000f164000 	/System/Library/Frameworks/OpenGL.framework/Versions/A/Libraries/libCVMSPluginSupport.dylib
0x000000000f164000 	/System/Library/Frameworks/OpenGL.framework/Versions/A/Libraries/libCoreVMClient.dylib
0x000000000f164000 	/System/Library/PrivateFrameworks/CrashReporterSupport.framework/Versions/A/CrashReporterSupport
0x000000000f164000 	/System/Library/PrivateFrameworks/Sharing.framework/Versions/A/Sharing
0x000000000f164000 	/System/Library/PrivateFrameworks/IconServices.framework/Versions/A/IconServices
0x000000000f164000 	/System/Library/PrivateFrameworks/ProtocolBuffer.framework/Versions/A/ProtocolBuffer
0x000000000f164000 	/System/Library/PrivateFrameworks/Apple80211.framework/Versions/A/Apple80211
0x000000000f164000 	/System/Library/Frameworks/CoreWLAN.framework/Versions/A/CoreWLAN
0x000000000f164000 	/System/Library/PrivateFrameworks/CoreUtils.framework/Versions/A/CoreUtils
0x000000000f164000 	/System/Library/Frameworks/IOBluetooth.framework/Versions/A/IOBluetooth
0x000000000f164000 	/System/Library/PrivateFrameworks/CoreWiFi.framework/Versions/A/CoreWiFi
0x000000000f164000 	/System/Library/Frameworks/CoreBluetooth.framework/Versions/A/CoreBluetooth
0x000000000f164000 	/System/Library/Frameworks/CoreDisplay.framework/Versions/A/CoreDisplay
0x000000000f164000 	/System/Library/PrivateFrameworks/IOPresentment.framework/Versions/A/IOPresentment
0x000000000f164000 	/System/Library/PrivateFrameworks/DebugSymbols.framework/Versions/A/DebugSymbols
0x000000000f164000 	/System/Library/PrivateFrameworks/CoreSymbolication.framework/Versions/A/CoreSymbolication
0x000000000f164000 	/System/Library/PrivateFrameworks/Symbolication.framework/Versions/A/Symbolication
0x000000000f164000 	/System/Library/PrivateFrameworks/AppleFSCompression.framework/Versions/A/AppleFSCompression
0x000000000f164000 	/System/Library/PrivateFrameworks/SpeechRecognitionCore.framework/Versions/A/SpeechRecognitionCore
0x000000000f164000 	/System/Library/PrivateFrameworks/ChunkingLibrary.framework/Versions/A/ChunkingLibrary
0x000000010b2db000 	/System/Library/CoreServices/Encodings/libSimplifiedChineseConverter.dylib
0x000000010bc00000 	/Library/Java/JavaVirtualMachines/jdk1.8.0_40.jdk/Contents/Home/jre/lib/server/libjvm.dylib
0x000000000f164000 	/usr/lib/libstdc++.6.dylib
0x000000010b31f000 	/Library/Java/JavaVirtualMachines/jdk1.8.0_40.jdk/Contents/Home/jre/lib/libverify.dylib
0x000000010b32d000 	/Library/Java/JavaVirtualMachines/jdk1.8.0_40.jdk/Contents/Home/jre/lib/libjava.dylib
0x000000010b363000 	/Library/Java/JavaVirtualMachines/jdk1.8.0_40.jdk/Contents/Home/jre/lib/libjdwp.dylib
0x000000010b3ae000 	/Library/Java/JavaVirtualMachines/jdk1.8.0_40.jdk/Contents/Home/jre/lib/libnpt.dylib
0x000000010b3bb000 	/Library/Java/JavaVirtualMachines/jdk1.8.0_40.jdk/Contents/Home/jre/lib/libzip.dylib
0x000000011ffb9000 	/System/Library/Frameworks/JavaVM.framework/Frameworks/JavaRuntimeSupport.framework/JavaRuntimeSupport
0x000000011ffd3000 	/System/Library/Frameworks/JavaVM.framework/Versions/A/Frameworks/JavaNativeFoundation.framework/Versions/A/JavaNativeFoundation
0x000000011ffe8000 	/System/Library/Frameworks/JavaVM.framework/Versions/A/JavaVM
0x000000000f164000 	/System/Library/Frameworks/Carbon.framework/Versions/A/Carbon
0x000000011fff5000 	/System/Library/PrivateFrameworks/JavaLaunching.framework/Versions/A/JavaLaunching
0x000000000f164000 	/System/Library/Frameworks/Carbon.framework/Versions/A/Frameworks/CommonPanels.framework/Versions/A/CommonPanels
0x000000000f164000 	/System/Library/Frameworks/Carbon.framework/Versions/A/Frameworks/Help.framework/Versions/A/Help
0x000000000f164000 	/System/Library/Frameworks/Carbon.framework/Versions/A/Frameworks/ImageCapture.framework/Versions/A/ImageCapture
0x000000000f164000 	/System/Library/Frameworks/Carbon.framework/Versions/A/Frameworks/OpenScripting.framework/Versions/A/OpenScripting
0x000000000f164000 	/System/Library/Frameworks/Carbon.framework/Versions/A/Frameworks/Print.framework/Versions/A/Print
0x000000000f164000 	/System/Library/Frameworks/Carbon.framework/Versions/A/Frameworks/SecurityHI.framework/Versions/A/SecurityHI
0x00000001218fb000 	/Library/Java/JavaVirtualMachines/jdk1.8.0_40.jdk/Contents/Home/jre/lib/libdt_socket.dylib

VM Arguments:
jvm_args: -agentlib:jdwp=transport=dt_socket,suspend=y,address=localhost:2212 -Dfile.encoding=UTF-8 
java_command: Main
java_class_path (initial): /Users/G/Desktop/Glex/bin
Launcher Type: SUN_STANDARD

Environment Variables:
PATH=/usr/bin:/bin:/usr/sbin:/sbin
SHELL=/bin/zsh
DISPLAY=/private/tmp/com.apple.launchd.hzLbjnfjwI/org.macosforge.xquartz:0

Signal Handlers:
SIGSEGV: [libjvm.dylib+0x58ef95], sa_mask[0]=11111111011111110111111111111111, sa_flags=SA_ONSTACK|SA_RESTART|SA_SIGINFO
SIGBUS: [libjvm.dylib+0x58ef95], sa_mask[0]=11111111011111110111111111111111, sa_flags=SA_RESTART|SA_SIGINFO
SIGFPE: [libjvm.dylib+0x46c118], sa_mask[0]=11111111011111110111111111111111, sa_flags=SA_RESTART|SA_SIGINFO
SIGPIPE: [libjvm.dylib+0x46c118], sa_mask[0]=11111111011111110111111111111111, sa_flags=SA_RESTART|SA_SIGINFO
SIGXFSZ: [libjvm.dylib+0x46c118], sa_mask[0]=11111111011111110111111111111111, sa_flags=SA_RESTART|SA_SIGINFO
SIGILL: [libjvm.dylib+0x46c118], sa_mask[0]=11111111011111110111111111111111, sa_flags=SA_RESTART|SA_SIGINFO
SIGUSR1: SIG_DFL, sa_mask[0]=00000000000000000000000000000000, sa_flags=none
SIGUSR2: [libjvm.dylib+0x46bc36], sa_mask[0]=00100000000000000000000000000000, sa_flags=SA_RESTART|SA_SIGINFO
SIGHUP: [libjvm.dylib+0x46a209], sa_mask[0]=11111111011111110111111111111111, sa_flags=SA_RESTART|SA_SIGINFO
SIGINT: [libjvm.dylib+0x46a209], sa_mask[0]=11111111011111110111111111111111, sa_flags=SA_RESTART|SA_SIGINFO
SIGTERM: [libjvm.dylib+0x46a209], sa_mask[0]=11111111011111110111111111111111, sa_flags=SA_RESTART|SA_SIGINFO
SIGQUIT: [libjvm.dylib+0x46a209], sa_mask[0]=11111111011111110111111111111111, sa_flags=SA_RESTART|SA_SIGINFO


---------------  S Y S T E M  ---------------

OS:Bsduname:Darwin 16.0.0 Darwin Kernel Version 16.0.0: Mon Aug 29 17:56:20 PDT 2016; root:xnu-3789.1.32~3/RELEASE_X86_64 x86_64
rlimit: STACK 8192k, CORE 0k, NPROC 709, NOFILE 10240, AS infinity
load average:2.59 2.46 2.46

CPU:total 4 (2 cores per cpu, 2 threads per core) family 6 model 58 stepping 9, cmov, cx8, fxsr, mmx, sse, sse2, sse3, ssse3, sse4.1, sse4.2, popcnt, avx, aes, clmul, erms, ht, tsc, tscinvbit, tscinv

Memory: 4k page, physical 4194304k(96824k free)

/proc/meminfo:


vm_info: Java HotSpot(TM) 64-Bit Server VM (25.40-b25) for bsd-amd64 JRE (1.8.0_40-b27), built on Mar 13 2015 04:46:52 by "java_re" with gcc 4.2.1 (Based on Apple Inc. build 5658) (LLVM build 2336.11.00)

time: Tue Oct 25 23:56:07 2016
elapsed time: 306 seconds (0d 0h 5m 6s)

